1680616326667|0|statement|connection 26|url jdbc:h2:mem:1c78e558-fb9c-44f3-8cf9-7040c3a6245b|drop table if exists auth CASCADE |drop table if exists auth CASCADE 
1680616326667|0|statement|connection 26|url jdbc:h2:mem:1c78e558-fb9c-44f3-8cf9-7040c3a6245b|drop table if exists common_link CASCADE |drop table if exists common_link CASCADE 
1680616326668|0|statement|connection 26|url jdbc:h2:mem:1c78e558-fb9c-44f3-8cf9-7040c3a6245b|drop table if exists gem_box CASCADE |drop table if exists gem_box CASCADE 
1680616326668|0|statement|connection 26|url jdbc:h2:mem:1c78e558-fb9c-44f3-8cf9-7040c3a6245b|drop table if exists job CASCADE |drop table if exists job CASCADE 
1680616326668|0|statement|connection 26|url jdbc:h2:mem:1c78e558-fb9c-44f3-8cf9-7040c3a6245b|drop table if exists link CASCADE |drop table if exists link CASCADE 
1680616326669|0|statement|connection 26|url jdbc:h2:mem:1c78e558-fb9c-44f3-8cf9-7040c3a6245b|drop table if exists notification CASCADE |drop table if exists notification CASCADE 
1680616326669|0|statement|connection 26|url jdbc:h2:mem:1c78e558-fb9c-44f3-8cf9-7040c3a6245b|drop table if exists user CASCADE |drop table if exists user CASCADE 
1680616730350|0|statement|connection 26|url jdbc:h2:mem:0cde88f9-9340-4075-a6b3-65ed459f9107|drop table if exists auth CASCADE |drop table if exists auth CASCADE 
1680616730352|1|statement|connection 26|url jdbc:h2:mem:0cde88f9-9340-4075-a6b3-65ed459f9107|drop table if exists common_link CASCADE |drop table if exists common_link CASCADE 
1680616730353|1|statement|connection 26|url jdbc:h2:mem:0cde88f9-9340-4075-a6b3-65ed459f9107|drop table if exists gem_box CASCADE |drop table if exists gem_box CASCADE 
1680616730353|0|statement|connection 26|url jdbc:h2:mem:0cde88f9-9340-4075-a6b3-65ed459f9107|drop table if exists job CASCADE |drop table if exists job CASCADE 
1680616730354|0|statement|connection 26|url jdbc:h2:mem:0cde88f9-9340-4075-a6b3-65ed459f9107|drop table if exists link CASCADE |drop table if exists link CASCADE 
1680616730354|0|statement|connection 26|url jdbc:h2:mem:0cde88f9-9340-4075-a6b3-65ed459f9107|drop table if exists notification CASCADE |drop table if exists notification CASCADE 
1680616730354|0|statement|connection 26|url jdbc:h2:mem:0cde88f9-9340-4075-a6b3-65ed459f9107|drop table if exists user CASCADE |drop table if exists user CASCADE 
1680618089171|0|statement|connection 26|url jdbc:h2:mem:939190eb-3755-4698-9f15-fd19be3d83cf|drop table if exists auth CASCADE |drop table if exists auth CASCADE 
1680618089172|0|statement|connection 26|url jdbc:h2:mem:939190eb-3755-4698-9f15-fd19be3d83cf|drop table if exists common_link CASCADE |drop table if exists common_link CASCADE 
1680618089172|0|statement|connection 26|url jdbc:h2:mem:939190eb-3755-4698-9f15-fd19be3d83cf|drop table if exists gem_box CASCADE |drop table if exists gem_box CASCADE 
1680618089172|0|statement|connection 26|url jdbc:h2:mem:939190eb-3755-4698-9f15-fd19be3d83cf|drop table if exists job CASCADE |drop table if exists job CASCADE 
1680618089172|0|statement|connection 26|url jdbc:h2:mem:939190eb-3755-4698-9f15-fd19be3d83cf|drop table if exists link CASCADE |drop table if exists link CASCADE 
1680618089173|0|statement|connection 26|url jdbc:h2:mem:939190eb-3755-4698-9f15-fd19be3d83cf|drop table if exists notification CASCADE |drop table if exists notification CASCADE 
1680618089173|0|statement|connection 26|url jdbc:h2:mem:939190eb-3755-4698-9f15-fd19be3d83cf|drop table if exists user CASCADE |drop table if exists user CASCADE 
